<?xml version="1.0" encoding="UTF-8"?>
<testng-results ignored="0" total="1" passed="1" failed="0" skipped="0">
  <reporter-output>
  </reporter-output>
  <suite started-at="2026-09-21T10:55:55 IST" name="Default suite" finished-at="2026-09-21T10:55:55 IST" duration-ms="66">
    <groups>
    </groups>
    <test started-at="2026-09-21T10:55:55 IST" name="Default test" finished-at="2026-09-21T10:55:55 IST" duration-ms="66">
      <class name="pac2.CreateorgTest">
        <test-method signature="createorgTest()[pri:0, instance:pac2.CreateorgTest@6caf0677]" started-at="2026-09-21T10:55:55 IST" name="createorgTest" finished-at="2026-09-21T10:55:55 IST" duration-ms="12" status="PASS">
          <reporter-output>
          </reporter-output>
        </test-method> <!-- createorgTest -->
      </class> <!-- pac2.CreateorgTest -->
    </test> <!-- Default test -->
  </suite> <!-- Default suite -->
</testng-results>
